Using pre-set license
Built from '2020.2/release' branch; Version is '2020.2.1f1 (270dd8c3da1c) revision 2559448'; Using compiler version '192528614'; Build Type 'Release'
OS: 'Windows 10  (10.0.0) 64bit' Language: 'en' Physical Memory: 16249 MB
BatchMode: 1, IsHumanControllingUs: 0, StartBugReporterOnCrash: 0, Is64bit: 1, IsPro: 0

 COMMAND LINE ARGUMENTS:
D:\OneDrive\Unity\2020.2.1f1\Editor\Unity.exe
-adb2
-batchMode
-noUpm
-name
AssetImportWorker0
-projectPath
D:/OneDrive/programming/Unity/aGame04
-logFile
Logs/AssetImportWorker0.log
-srvPort
55751
Successfully changed project path to: D:/OneDrive/programming/Unity/aGame04
D:/OneDrive/programming/Unity/aGame04
Using Asset Import Pipeline V2.
Refreshing native plugins compatible for Editor in 31.67 ms, found 0 plugins.
Preloading 0 native plugins for Editor in 0.00 ms.
Initialize engine version: 2020.2.1f1 (270dd8c3da1c)
[Subsystems] Discovering subsystems at path D:/OneDrive/Unity/2020.2.1f1/Editor/Data/Resources/UnitySubsystems
[Subsystems] Discovering subsystems at path D:/OneDrive/programming/Unity/aGame04/Assets
GfxDevice: creating device client; threaded=0
Direct3D:
    Version:  Direct3D 11.0 [level 11.1]
    Renderer: Intel(R) HD Graphics 630 (ID=0x591b)
    Vendor:   
    VRAM:     8124 MB
    Driver:   27.20.100.9079
Initialize mono
Mono path[0] = 'D:/OneDrive/Unity/2020.2.1f1/Editor/Data/Managed'
Mono path[1] = 'D:/OneDrive/Unity/2020.2.1f1/Editor/Data/MonoBleedingEdge/lib/mono/unityjit'
Mono config path = 'D:/OneDrive/Unity/2020.2.1f1/Editor/Data/MonoBleedingEdge/etc'
Using monoOptions --debugger-agent=transport=dt_socket,embedding=1,server=y,suspend=n,address=127.0.0.1:56384
Begin MonoManager ReloadAssembly
Registering precompiled unity dll's ...
Register platform support module: D:/OneDrive/Unity/2020.2.1f1/Editor/Data/PlaybackEngines/WindowsStandaloneSupport/UnityEditor.WindowsStandalone.Extensions.dll
Registered in 0.004007 seconds.
Native extension for WindowsStandalone target not found
Refreshing native plugins compatible for Editor in 40.51 ms, found 0 plugins.
Preloading 0 native plugins for Editor in 0.00 ms.
Invoked RoslynAnalysisRunner static constructor.
RoslynAnalysisRunner will not be running.
RoslynAnalysisRunner has terminated.
Mono: successfully reloaded assembly
- Completed reload, in  1.839 seconds
Platform modules already initialized, skipping
Registering precompiled user dll's ...
Registered in 0.001857 seconds.
Begin MonoManager ReloadAssembly
Native extension for WindowsStandalone target not found
Refreshing native plugins compatible for Editor in 0.26 ms, found 0 plugins.
Preloading 0 native plugins for Editor in 0.00 ms.
Invoked RoslynAnalysisRunner static constructor.
RoslynAnalysisRunner will not be running.
RoslynAnalysisRunner has terminated.
Mono: successfully reloaded assembly
- Completed reload, in  1.169 seconds
Platform modules already initialized, skipping
========================================================================
Worker process is ready to serve import requests
Launched and connected shader compiler UnityShaderCompiler.exe after 0.11 seconds
Refreshing native plugins compatible for Editor in 0.38 ms, found 0 plugins.
Preloading 0 native plugins for Editor in 0.00 ms.
Unloading 1084 Unused Serialized files (Serialized files now loaded: 0)
System memory in use before: 153.9 MB.
System memory in use after: 154.0 MB.

Unloading 9 unused Assets to reduce memory usage. Loaded Objects now: 1568.
Total: 2.219300 ms (FindLiveObjects: 0.198100 ms CreateObjectMapping: 0.079000 ms MarkObjects: 1.819600 ms  DeleteObjects: 0.121300 ms)

========================================================================
Received Import Request.
  path: Assets/Scripts/PlanetGenerator.cs
  artifactKey: Guid(6e12a2aae9d09b54faabe084d7a0eda4) Importer(815301076,1909f56bfc062723c751e8b465ee728b)
Start importing Assets/Scripts/PlanetGenerator.cs using Guid(6e12a2aae9d09b54faabe084d7a0eda4) Importer(815301076,1909f56bfc062723c751e8b465ee728b)  -> (artifact id: '344c555a81465c35b8dd91c32eea1ef0') in 0.100840 seconds
  Import took 0.183420 seconds .

========================================================================
Received Import Request.
  Time since last request: 490.588987 seconds.
  path: Assets/Scripts/PlanetGenerator.cs
  artifactKey: Guid(6e12a2aae9d09b54faabe084d7a0eda4) Importer(815301076,1909f56bfc062723c751e8b465ee728b)
Start importing Assets/Scripts/PlanetGenerator.cs using Guid(6e12a2aae9d09b54faabe084d7a0eda4) Importer(815301076,1909f56bfc062723c751e8b465ee728b)  -> (artifact id: 'df25accd681c5de601d5579c1d19d4c6') in 0.022955 seconds
  Import took 0.036367 seconds .

========================================================================
Received Import Request.
  Time since last request: 140.560605 seconds.
  path: Assets/Scripts/PlanetGenerator.cs
  artifactKey: Guid(6e12a2aae9d09b54faabe084d7a0eda4) Importer(815301076,1909f56bfc062723c751e8b465ee728b)
Start importing Assets/Scripts/PlanetGenerator.cs using Guid(6e12a2aae9d09b54faabe084d7a0eda4) Importer(815301076,1909f56bfc062723c751e8b465ee728b)  -> (artifact id: '7f3c9a447d190925429222ceb12e3f23') in 0.006843 seconds
  Import took 0.041500 seconds .

========================================================================
Received Import Request.
  Time since last request: 0.005027 seconds.
  path: Assets/Scripts/PlanetGenerator.cs
  artifactKey: Guid(6e12a2aae9d09b54faabe084d7a0eda4) Importer(815301076,1909f56bfc062723c751e8b465ee728b)
Start importing Assets/Scripts/PlanetGenerator.cs using Guid(6e12a2aae9d09b54faabe084d7a0eda4) Importer(815301076,1909f56bfc062723c751e8b465ee728b)  -> (artifact id: '7f3c9a447d190925429222ceb12e3f23') in 0.019610 seconds
  Import took 0.040664 seconds .

========================================================================
Received Import Request.
  Time since last request: 6.896952 seconds.
  path: Assets/Scripts/PlanetGenerator.cs
  artifactKey: Guid(6e12a2aae9d09b54faabe084d7a0eda4) Importer(815301076,1909f56bfc062723c751e8b465ee728b)
Start importing Assets/Scripts/PlanetGenerator.cs using Guid(6e12a2aae9d09b54faabe084d7a0eda4) Importer(815301076,1909f56bfc062723c751e8b465ee728b)  -> (artifact id: 'ac576303f0575668832e69d8ce741ce4') in 0.004671 seconds
  Import took 0.027160 seconds .

========================================================================
Received Import Request.
  Time since last request: 61.755834 seconds.
  path: Assets/Scripts/PlanetGenerator.cs
  artifactKey: Guid(6e12a2aae9d09b54faabe084d7a0eda4) Importer(815301076,1909f56bfc062723c751e8b465ee728b)
Start importing Assets/Scripts/PlanetGenerator.cs using Guid(6e12a2aae9d09b54faabe084d7a0eda4) Importer(815301076,1909f56bfc062723c751e8b465ee728b)  -> (artifact id: '6a1e23324caa6650651def3ed1dff7b3') in 0.008102 seconds
  Import took 0.050584 seconds .

========================================================================
Received Import Request.
  Time since last request: 0.000551 seconds.
  path: Assets/Scripts/PlanetGenerator.cs
  artifactKey: Guid(6e12a2aae9d09b54faabe084d7a0eda4) Importer(815301076,1909f56bfc062723c751e8b465ee728b)
Start importing Assets/Scripts/PlanetGenerator.cs using Guid(6e12a2aae9d09b54faabe084d7a0eda4) Importer(815301076,1909f56bfc062723c751e8b465ee728b)  -> (artifact id: '6a1e23324caa6650651def3ed1dff7b3') in 0.008104 seconds
  Import took 0.027564 seconds .

========================================================================
Received Import Request.
  Time since last request: 14.642508 seconds.
  path: Assets/Scripts/PlanetGenerator.cs
  artifactKey: Guid(6e12a2aae9d09b54faabe084d7a0eda4) Importer(815301076,1909f56bfc062723c751e8b465ee728b)
Start importing Assets/Scripts/PlanetGenerator.cs using Guid(6e12a2aae9d09b54faabe084d7a0eda4) Importer(815301076,1909f56bfc062723c751e8b465ee728b)  -> (artifact id: '3976bcb1854657f4baf28c89f7d214b1') in 0.004959 seconds
  Import took 0.016033 seconds .

========================================================================
Received Import Request.
  Time since last request: 186.470044 seconds.
  path: Assets/Scripts/PlanetGenerator.cs
  artifactKey: Guid(6e12a2aae9d09b54faabe084d7a0eda4) Importer(815301076,1909f56bfc062723c751e8b465ee728b)
Start importing Assets/Scripts/PlanetGenerator.cs using Guid(6e12a2aae9d09b54faabe084d7a0eda4) Importer(815301076,1909f56bfc062723c751e8b465ee728b)  -> (artifact id: '074b5f20faa20aaab684c740cb6d6a45') in 0.010558 seconds
  Import took 0.092699 seconds .

========================================================================
Received Import Request.
  Time since last request: 15.997083 seconds.
  path: Assets/Scripts/PlanetGenerator.cs
  artifactKey: Guid(6e12a2aae9d09b54faabe084d7a0eda4) Importer(815301076,1909f56bfc062723c751e8b465ee728b)
Start importing Assets/Scripts/PlanetGenerator.cs using Guid(6e12a2aae9d09b54faabe084d7a0eda4) Importer(815301076,1909f56bfc062723c751e8b465ee728b)  -> (artifact id: '630cf87eeb450070df52f8c63a00af76') in 0.005744 seconds
  Import took 0.329097 seconds .

========================================================================
Received Import Request.
  Time since last request: 80.004975 seconds.
  path: Assets/Scripts/PlanetGenerator.cs
  artifactKey: Guid(6e12a2aae9d09b54faabe084d7a0eda4) Importer(815301076,1909f56bfc062723c751e8b465ee728b)
Start importing Assets/Scripts/PlanetGenerator.cs using Guid(6e12a2aae9d09b54faabe084d7a0eda4) Importer(815301076,1909f56bfc062723c751e8b465ee728b)  -> (artifact id: '8bba118c094199eb2a154959d6f55211') in 0.005325 seconds
  Import took 0.065546 seconds .

========================================================================
Received Import Request.
  Time since last request: 0.002024 seconds.
  path: Assets/Scripts/PlanetGenerator.cs
  artifactKey: Guid(6e12a2aae9d09b54faabe084d7a0eda4) Importer(815301076,1909f56bfc062723c751e8b465ee728b)
Start importing Assets/Scripts/PlanetGenerator.cs using Guid(6e12a2aae9d09b54faabe084d7a0eda4) Importer(815301076,1909f56bfc062723c751e8b465ee728b)  -> (artifact id: '8bba118c094199eb2a154959d6f55211') in 0.006711 seconds
  Import took 0.020056 seconds .

========================================================================
Received Import Request.
  Time since last request: 116.031168 seconds.
  path: Assets/Scripts/PlanetGenerator.cs
  artifactKey: Guid(6e12a2aae9d09b54faabe084d7a0eda4) Importer(815301076,1909f56bfc062723c751e8b465ee728b)
Start importing Assets/Scripts/PlanetGenerator.cs using Guid(6e12a2aae9d09b54faabe084d7a0eda4) Importer(815301076,1909f56bfc062723c751e8b465ee728b)  -> (artifact id: '29162583aeb5e0129eccb55608614d03') in 0.005501 seconds
  Import took 0.091218 seconds .

========================================================================
Received Import Request.
  Time since last request: 0.152127 seconds.
  path: Assets/Scripts/PlanetGenerator.cs
  artifactKey: Guid(6e12a2aae9d09b54faabe084d7a0eda4) Importer(815301076,1909f56bfc062723c751e8b465ee728b)
Start importing Assets/Scripts/PlanetGenerator.cs using Guid(6e12a2aae9d09b54faabe084d7a0eda4) Importer(815301076,1909f56bfc062723c751e8b465ee728b)  -> (artifact id: '29162583aeb5e0129eccb55608614d03') in 0.010354 seconds
  Import took 0.028510 seconds .

========================================================================
Received Import Request.
  Time since last request: 17.680984 seconds.
  path: Assets/Scripts/PlanetGenerator.cs
  artifactKey: Guid(6e12a2aae9d09b54faabe084d7a0eda4) Importer(815301076,1909f56bfc062723c751e8b465ee728b)
Start importing Assets/Scripts/PlanetGenerator.cs using Guid(6e12a2aae9d09b54faabe084d7a0eda4) Importer(815301076,1909f56bfc062723c751e8b465ee728b)  -> (artifact id: '4716443879e98cfe7ac80fed9218e820') in 0.007543 seconds
  Import took 0.045630 seconds .

========================================================================
Received Import Request.
  Time since last request: 2.508236 seconds.
  path: Assets/Scripts/PlanetGenerator.cs
  artifactKey: Guid(6e12a2aae9d09b54faabe084d7a0eda4) Importer(815301076,1909f56bfc062723c751e8b465ee728b)
Start importing Assets/Scripts/PlanetGenerator.cs using Guid(6e12a2aae9d09b54faabe084d7a0eda4) Importer(815301076,1909f56bfc062723c751e8b465ee728b)  -> (artifact id: 'dfb2c9e4cf3f34992233d965ba94649a') in 0.009003 seconds
  Import took 0.012442 seconds .

========================================================================
Received Import Request.
  Time since last request: 166.119611 seconds.
  path: Assets/Scripts/PlanetGenerator.cs
  artifactKey: Guid(6e12a2aae9d09b54faabe084d7a0eda4) Importer(815301076,1909f56bfc062723c751e8b465ee728b)
Start importing Assets/Scripts/PlanetGenerator.cs using Guid(6e12a2aae9d09b54faabe084d7a0eda4) Importer(815301076,1909f56bfc062723c751e8b465ee728b)  -> (artifact id: '2d2308df12765d0e29a443d6f1c50844') in 0.008359 seconds
  Import took 0.043073 seconds .

========================================================================
Received Import Request.
  Time since last request: 0.162396 seconds.
  path: Assets/Scripts/PlanetGenerator.cs
  artifactKey: Guid(6e12a2aae9d09b54faabe084d7a0eda4) Importer(815301076,1909f56bfc062723c751e8b465ee728b)
Start importing Assets/Scripts/PlanetGenerator.cs using Guid(6e12a2aae9d09b54faabe084d7a0eda4) Importer(815301076,1909f56bfc062723c751e8b465ee728b)  -> (artifact id: '2d2308df12765d0e29a443d6f1c50844') in 0.011280 seconds
  Import took 0.022391 seconds .

========================================================================
Received Import Request.
  Time since last request: 107.835320 seconds.
  path: Assets/Scripts/PlanetGenerator.cs
  artifactKey: Guid(6e12a2aae9d09b54faabe084d7a0eda4) Importer(815301076,1909f56bfc062723c751e8b465ee728b)
Start importing Assets/Scripts/PlanetGenerator.cs using Guid(6e12a2aae9d09b54faabe084d7a0eda4) Importer(815301076,1909f56bfc062723c751e8b465ee728b)  -> (artifact id: '1b429eac685239823da2f5c6c6bd2727') in 0.005331 seconds
  Import took 0.092773 seconds .

========================================================================
Received Import Request.
  Time since last request: 0.126804 seconds.
  path: Assets/Scripts/PlanetGenerator.cs
  artifactKey: Guid(6e12a2aae9d09b54faabe084d7a0eda4) Importer(815301076,1909f56bfc062723c751e8b465ee728b)
Start importing Assets/Scripts/PlanetGenerator.cs using Guid(6e12a2aae9d09b54faabe084d7a0eda4) Importer(815301076,1909f56bfc062723c751e8b465ee728b)  -> (artifact id: '1b429eac685239823da2f5c6c6bd2727') in 0.011511 seconds
  Import took 0.015495 seconds .

========================================================================
Received Import Request.
  Time since last request: 40.480085 seconds.
  path: Assets/Scripts/PlanetGenerator.cs
  artifactKey: Guid(6e12a2aae9d09b54faabe084d7a0eda4) Importer(815301076,1909f56bfc062723c751e8b465ee728b)
Start importing Assets/Scripts/PlanetGenerator.cs using Guid(6e12a2aae9d09b54faabe084d7a0eda4) Importer(815301076,1909f56bfc062723c751e8b465ee728b)  -> (artifact id: '179b7ef8617040384a5ef2d4913c1794') in 0.004891 seconds
  Import took 0.030137 seconds .

========================================================================
Received Import Request.
  Time since last request: 17.351686 seconds.
  path: Assets/Scripts/PlanetGenerator.cs
  artifactKey: Guid(6e12a2aae9d09b54faabe084d7a0eda4) Importer(815301076,1909f56bfc062723c751e8b465ee728b)
Start importing Assets/Scripts/PlanetGenerator.cs using Guid(6e12a2aae9d09b54faabe084d7a0eda4) Importer(815301076,1909f56bfc062723c751e8b465ee728b)  -> (artifact id: '01b63cc4997b64cff982339eccc5a94b') in 0.004746 seconds
  Import took 0.046723 seconds .

========================================================================
Received Import Request.
  Time since last request: 46.792882 seconds.
  path: Assets/Scripts/PlanetGenerator.cs
  artifactKey: Guid(6e12a2aae9d09b54faabe084d7a0eda4) Importer(815301076,1909f56bfc062723c751e8b465ee728b)
Start importing Assets/Scripts/PlanetGenerator.cs using Guid(6e12a2aae9d09b54faabe084d7a0eda4) Importer(815301076,1909f56bfc062723c751e8b465ee728b)  -> (artifact id: 'bf57cc6b084fd172a007e845e3259a3f') in 0.006895 seconds
  Import took 0.029287 seconds .

========================================================================
Received Import Request.
  Time since last request: 140.127862 seconds.
  path: Assets/Scripts/PlanetGenerator.cs
  artifactKey: Guid(6e12a2aae9d09b54faabe084d7a0eda4) Importer(815301076,1909f56bfc062723c751e8b465ee728b)
Start importing Assets/Scripts/PlanetGenerator.cs using Guid(6e12a2aae9d09b54faabe084d7a0eda4) Importer(815301076,1909f56bfc062723c751e8b465ee728b)  -> (artifact id: '2679be05effb087feb8b9db8a20ff66c') in 0.006514 seconds
  Import took 0.011327 seconds .

========================================================================
Received Import Request.
  Time since last request: 29.456091 seconds.
  path: Assets/Scripts/PlanetGenerator.cs
  artifactKey: Guid(6e12a2aae9d09b54faabe084d7a0eda4) Importer(815301076,1909f56bfc062723c751e8b465ee728b)
Start importing Assets/Scripts/PlanetGenerator.cs using Guid(6e12a2aae9d09b54faabe084d7a0eda4) Importer(815301076,1909f56bfc062723c751e8b465ee728b)  -> (artifact id: 'e9780a4391fdf865e6089994c06f091b') in 0.011598 seconds
  Import took 0.075449 seconds .

========================================================================
Received Import Request.
  Time since last request: 0.009542 seconds.
  path: Assets/Scripts/PlanetGenerator.cs
  artifactKey: Guid(6e12a2aae9d09b54faabe084d7a0eda4) Importer(815301076,1909f56bfc062723c751e8b465ee728b)
Start importing Assets/Scripts/PlanetGenerator.cs using Guid(6e12a2aae9d09b54faabe084d7a0eda4) Importer(815301076,1909f56bfc062723c751e8b465ee728b)  -> (artifact id: 'e9780a4391fdf865e6089994c06f091b') in 0.016733 seconds
  Import took 0.023226 seconds .

========================================================================
Received Import Request.
  Time since last request: 194.005405 seconds.
  path: Assets/Scripts/PlanetGenerator.cs
  artifactKey: Guid(6e12a2aae9d09b54faabe084d7a0eda4) Importer(815301076,1909f56bfc062723c751e8b465ee728b)
Start importing Assets/Scripts/PlanetGenerator.cs using Guid(6e12a2aae9d09b54faabe084d7a0eda4) Importer(815301076,1909f56bfc062723c751e8b465ee728b)  -> (artifact id: 'a23b66a38f3c2f45a8946b60a5b93538') in 0.004943 seconds
  Import took 0.055828 seconds .

========================================================================
Received Import Request.
  Time since last request: 0.159516 seconds.
  path: Assets/Scripts/PlanetGenerator.cs
  artifactKey: Guid(6e12a2aae9d09b54faabe084d7a0eda4) Importer(815301076,1909f56bfc062723c751e8b465ee728b)
Start importing Assets/Scripts/PlanetGenerator.cs using Guid(6e12a2aae9d09b54faabe084d7a0eda4) Importer(815301076,1909f56bfc062723c751e8b465ee728b)  -> (artifact id: 'a23b66a38f3c2f45a8946b60a5b93538') in 0.010180 seconds
  Import took 0.016189 seconds .

========================================================================
Received Import Request.
  Time since last request: 19.636274 seconds.
  path: Assets/Scripts/PlanetGenerator.cs
  artifactKey: Guid(6e12a2aae9d09b54faabe084d7a0eda4) Importer(815301076,1909f56bfc062723c751e8b465ee728b)
Start importing Assets/Scripts/PlanetGenerator.cs using Guid(6e12a2aae9d09b54faabe084d7a0eda4) Importer(815301076,1909f56bfc062723c751e8b465ee728b)  -> (artifact id: 'f75235e2a8ccce59ef41531a418f4c95') in 0.005022 seconds
  Import took 0.008551 seconds .

========================================================================
Received Import Request.
  Time since last request: 99.636838 seconds.
  path: Assets/Scripts/PlanetGenerator.cs
  artifactKey: Guid(6e12a2aae9d09b54faabe084d7a0eda4) Importer(815301076,1909f56bfc062723c751e8b465ee728b)
Start importing Assets/Scripts/PlanetGenerator.cs using Guid(6e12a2aae9d09b54faabe084d7a0eda4) Importer(815301076,1909f56bfc062723c751e8b465ee728b)  -> (artifact id: 'a87e6e1aca9e7bc5fbe3f1ac6202ddd0') in 0.006052 seconds
  Import took 0.010788 seconds .

========================================================================
Received Import Request.
  Time since last request: 31.364410 seconds.
  path: Assets/Scripts/PlanetGenerator.cs
  artifactKey: Guid(6e12a2aae9d09b54faabe084d7a0eda4) Importer(815301076,1909f56bfc062723c751e8b465ee728b)
Start importing Assets/Scripts/PlanetGenerator.cs using Guid(6e12a2aae9d09b54faabe084d7a0eda4) Importer(815301076,1909f56bfc062723c751e8b465ee728b)  -> (artifact id: '8e97bfe7e49c804ba25def5141d06ac4') in 0.005206 seconds
  Import took 0.124515 seconds .

========================================================================
Received Import Request.
  Time since last request: 241.276176 seconds.
  path: Assets/Scripts/PlanetGenerator.cs
  artifactKey: Guid(6e12a2aae9d09b54faabe084d7a0eda4) Importer(815301076,1909f56bfc062723c751e8b465ee728b)
Start importing Assets/Scripts/PlanetGenerator.cs using Guid(6e12a2aae9d09b54faabe084d7a0eda4) Importer(815301076,1909f56bfc062723c751e8b465ee728b)  -> (artifact id: '90a12439e5c0018948ab5303a353397b') in 0.006775 seconds
  Import took 0.015485 seconds .

========================================================================
Received Import Request.
  Time since last request: 13.753193 seconds.
  path: Assets/Scripts/PlanetGenerator.cs
  artifactKey: Guid(6e12a2aae9d09b54faabe084d7a0eda4) Importer(815301076,1909f56bfc062723c751e8b465ee728b)
Start importing Assets/Scripts/PlanetGenerator.cs using Guid(6e12a2aae9d09b54faabe084d7a0eda4) Importer(815301076,1909f56bfc062723c751e8b465ee728b)  -> (artifact id: '1fa8c0fbd02594dbb5ec6aa80f4598d8') in 0.005666 seconds
  Import took 0.085840 seconds .

========================================================================
Received Import Request.
  Time since last request: 14.761598 seconds.
  path: Assets/Scripts/PlanetGenerator.cs
  artifactKey: Guid(6e12a2aae9d09b54faabe084d7a0eda4) Importer(815301076,1909f56bfc062723c751e8b465ee728b)
Start importing Assets/Scripts/PlanetGenerator.cs using Guid(6e12a2aae9d09b54faabe084d7a0eda4) Importer(815301076,1909f56bfc062723c751e8b465ee728b)  -> (artifact id: 'ddae618aa564da9a2dd3b162eda3fc19') in 0.004918 seconds
  Import took 0.051528 seconds .

========================================================================
Received Import Request.
  Time since last request: 25.642075 seconds.
  path: Assets/Scripts/PlanetGenerator.cs
  artifactKey: Guid(6e12a2aae9d09b54faabe084d7a0eda4) Importer(815301076,1909f56bfc062723c751e8b465ee728b)
Start importing Assets/Scripts/PlanetGenerator.cs using Guid(6e12a2aae9d09b54faabe084d7a0eda4) Importer(815301076,1909f56bfc062723c751e8b465ee728b)  -> (artifact id: 'b207ebbd2739fd2d6849a0c0ffdb2acf') in 0.006262 seconds
  Import took 0.088465 seconds .

========================================================================
Received Import Request.
  Time since last request: 43.403591 seconds.
  path: Assets/Scripts/PlanetGenerator.cs
  artifactKey: Guid(6e12a2aae9d09b54faabe084d7a0eda4) Importer(815301076,1909f56bfc062723c751e8b465ee728b)
Start importing Assets/Scripts/PlanetGenerator.cs using Guid(6e12a2aae9d09b54faabe084d7a0eda4) Importer(815301076,1909f56bfc062723c751e8b465ee728b)  -> (artifact id: '706b9ab7b21ca3bc270059c8d268d5de') in 0.004427 seconds
  Import took 0.126630 seconds .

========================================================================
Received Import Request.
  Time since last request: 7.780541 seconds.
  path: Assets/Scripts/PlanetGenerator.cs
  artifactKey: Guid(6e12a2aae9d09b54faabe084d7a0eda4) Importer(815301076,1909f56bfc062723c751e8b465ee728b)
Start importing Assets/Scripts/PlanetGenerator.cs using Guid(6e12a2aae9d09b54faabe084d7a0eda4) Importer(815301076,1909f56bfc062723c751e8b465ee728b)  -> (artifact id: '89c9259a6157cea88db1d5ce628f0798') in 0.005305 seconds
  Import took 0.044563 seconds .

========================================================================
Received Import Request.
  Time since last request: 15.649826 seconds.
  path: Assets/Scripts/PlanetGenerator.cs
  artifactKey: Guid(6e12a2aae9d09b54faabe084d7a0eda4) Importer(815301076,1909f56bfc062723c751e8b465ee728b)
Start importing Assets/Scripts/PlanetGenerator.cs using Guid(6e12a2aae9d09b54faabe084d7a0eda4) Importer(815301076,1909f56bfc062723c751e8b465ee728b)  -> (artifact id: '0bcd1f1945231268cf21a8efba1ff38c') in 0.004806 seconds
  Import took 0.008053 seconds .

========================================================================
Received Import Request.
  Time since last request: 39.378207 seconds.
  path: Assets/Scripts/PlanetGenerator.cs
  artifactKey: Guid(6e12a2aae9d09b54faabe084d7a0eda4) Importer(815301076,1909f56bfc062723c751e8b465ee728b)
Start importing Assets/Scripts/PlanetGenerator.cs using Guid(6e12a2aae9d09b54faabe084d7a0eda4) Importer(815301076,1909f56bfc062723c751e8b465ee728b)  -> (artifact id: 'ab1366384905b2b253fb44b8b7753f6c') in 0.006299 seconds
  Import took 0.022188 seconds .

========================================================================
Received Import Request.
  Time since last request: 38.792007 seconds.
  path: Assets/Scripts/PlanetGenerator.cs
  artifactKey: Guid(6e12a2aae9d09b54faabe084d7a0eda4) Importer(815301076,1909f56bfc062723c751e8b465ee728b)
Start importing Assets/Scripts/PlanetGenerator.cs using Guid(6e12a2aae9d09b54faabe084d7a0eda4) Importer(815301076,1909f56bfc062723c751e8b465ee728b)  -> (artifact id: 'eb615b9a5c129330c2a3a41a2e798b4a') in 0.011803 seconds
  Import took 0.100272 seconds .

========================================================================
Received Import Request.
  Time since last request: 15.861189 seconds.
  path: Assets/Scripts/PlanetGenerator.cs
  artifactKey: Guid(6e12a2aae9d09b54faabe084d7a0eda4) Importer(815301076,1909f56bfc062723c751e8b465ee728b)
Start importing Assets/Scripts/PlanetGenerator.cs using Guid(6e12a2aae9d09b54faabe084d7a0eda4) Importer(815301076,1909f56bfc062723c751e8b465ee728b)  -> (artifact id: '5c907051865492571c19fe8b5b275313') in 0.005394 seconds
  Import took 0.069488 seconds .

========================================================================
Received Import Request.
  Time since last request: 10.674171 seconds.
  path: Assets/Scripts/PlanetGenerator.cs
  artifactKey: Guid(6e12a2aae9d09b54faabe084d7a0eda4) Importer(815301076,1909f56bfc062723c751e8b465ee728b)
Start importing Assets/Scripts/PlanetGenerator.cs using Guid(6e12a2aae9d09b54faabe084d7a0eda4) Importer(815301076,1909f56bfc062723c751e8b465ee728b)  -> (artifact id: 'd8d6f3510b55f0ec9f90d6d098f42445') in 0.050400 seconds
  Import took 0.053909 seconds .

========================================================================
Received Import Request.
  Time since last request: 10.529137 seconds.
  path: Assets/Scripts/PlanetGenerator.cs
  artifactKey: Guid(6e12a2aae9d09b54faabe084d7a0eda4) Importer(815301076,1909f56bfc062723c751e8b465ee728b)
Start importing Assets/Scripts/PlanetGenerator.cs using Guid(6e12a2aae9d09b54faabe084d7a0eda4) Importer(815301076,1909f56bfc062723c751e8b465ee728b)  -> (artifact id: '2feb1ee5d5694bce0b575baaf7e4680b') in 0.006034 seconds
  Import took 0.010867 seconds .

========================================================================
Received Import Request.
  Time since last request: 2.639025 seconds.
  path: Assets/Scripts/PlanetGenerator.cs
  artifactKey: Guid(6e12a2aae9d09b54faabe084d7a0eda4) Importer(815301076,1909f56bfc062723c751e8b465ee728b)
Start importing Assets/Scripts/PlanetGenerator.cs using Guid(6e12a2aae9d09b54faabe084d7a0eda4) Importer(815301076,1909f56bfc062723c751e8b465ee728b)  -> (artifact id: 'c45794b1de12ef6dbcbf80593610309d') in 0.005701 seconds
  Import took 0.010226 seconds .

========================================================================
Received Import Request.
  Time since last request: 17.351415 seconds.
  path: Assets/Scripts/PlanetGenerator.cs
  artifactKey: Guid(6e12a2aae9d09b54faabe084d7a0eda4) Importer(815301076,1909f56bfc062723c751e8b465ee728b)
Start importing Assets/Scripts/PlanetGenerator.cs using Guid(6e12a2aae9d09b54faabe084d7a0eda4) Importer(815301076,1909f56bfc062723c751e8b465ee728b)  -> (artifact id: 'aaa46d1abb4b05f5f15f50730109cb66') in 0.007871 seconds
  Import took 0.011465 seconds .

========================================================================
Received Import Request.
  Time since last request: 19.524583 seconds.
  path: Assets/Scripts/PlanetGenerator.cs
  artifactKey: Guid(6e12a2aae9d09b54faabe084d7a0eda4) Importer(815301076,1909f56bfc062723c751e8b465ee728b)
Start importing Assets/Scripts/PlanetGenerator.cs using Guid(6e12a2aae9d09b54faabe084d7a0eda4) Importer(815301076,1909f56bfc062723c751e8b465ee728b)  -> (artifact id: '794374b87401f93f1853733684978532') in 0.005619 seconds
  Import took 0.046689 seconds .

========================================================================
Received Import Request.
  Time since last request: 12.357476 seconds.
  path: Assets/Scripts/PlanetGenerator.cs
  artifactKey: Guid(6e12a2aae9d09b54faabe084d7a0eda4) Importer(815301076,1909f56bfc062723c751e8b465ee728b)
Start importing Assets/Scripts/PlanetGenerator.cs using Guid(6e12a2aae9d09b54faabe084d7a0eda4) Importer(815301076,1909f56bfc062723c751e8b465ee728b)  -> (artifact id: 'caac29e1ff2f6a95178492d7aa6c46f7') in 0.004463 seconds
  Import took 0.041590 seconds .

========================================================================
Received Import Request.
  Time since last request: 12.258297 seconds.
  path: Assets/Scripts/PlanetGenerator.cs
  artifactKey: Guid(6e12a2aae9d09b54faabe084d7a0eda4) Importer(815301076,1909f56bfc062723c751e8b465ee728b)
Start importing Assets/Scripts/PlanetGenerator.cs using Guid(6e12a2aae9d09b54faabe084d7a0eda4) Importer(815301076,1909f56bfc062723c751e8b465ee728b)  -> (artifact id: '52113e4cef442d5a177ffc5cc30b02cb') in 0.005121 seconds
  Import took 0.009733 seconds .

========================================================================
Received Import Request.
  Time since last request: 82.786638 seconds.
  path: Assets/Scripts/PlanetGenerator.cs
  artifactKey: Guid(6e12a2aae9d09b54faabe084d7a0eda4) Importer(815301076,1909f56bfc062723c751e8b465ee728b)
Start importing Assets/Scripts/PlanetGenerator.cs using Guid(6e12a2aae9d09b54faabe084d7a0eda4) Importer(815301076,1909f56bfc062723c751e8b465ee728b)  -> (artifact id: '5daf19312eaacdf9cc412b9d8201081f') in 0.006349 seconds
  Import took 0.010128 seconds .

========================================================================
Received Import Request.
  Time since last request: 19.407478 seconds.
  path: Assets/Scripts/PlanetGenerator.cs
  artifactKey: Guid(6e12a2aae9d09b54faabe084d7a0eda4) Importer(815301076,1909f56bfc062723c751e8b465ee728b)
Start importing Assets/Scripts/PlanetGenerator.cs using Guid(6e12a2aae9d09b54faabe084d7a0eda4) Importer(815301076,1909f56bfc062723c751e8b465ee728b)  -> (artifact id: '953e7099caafd014fc1cbc6a05da0720') in 0.005153 seconds
  Import took 0.028879 seconds .

========================================================================
Received Import Request.
  Time since last request: 21.550933 seconds.
  path: Assets/Scripts/PlanetGenerator.cs
  artifactKey: Guid(6e12a2aae9d09b54faabe084d7a0eda4) Importer(815301076,1909f56bfc062723c751e8b465ee728b)
Start importing Assets/Scripts/PlanetGenerator.cs using Guid(6e12a2aae9d09b54faabe084d7a0eda4) Importer(815301076,1909f56bfc062723c751e8b465ee728b)  -> (artifact id: 'f025ec4176ba76d90a36dde4edee5d30') in 0.006471 seconds
  Import took 0.010761 seconds .

========================================================================
Received Import Request.
  Time since last request: 22.017515 seconds.
  path: Assets/Scripts/PlanetGenerator.cs
  artifactKey: Guid(6e12a2aae9d09b54faabe084d7a0eda4) Importer(815301076,1909f56bfc062723c751e8b465ee728b)
Start importing Assets/Scripts/PlanetGenerator.cs using Guid(6e12a2aae9d09b54faabe084d7a0eda4) Importer(815301076,1909f56bfc062723c751e8b465ee728b)  -> (artifact id: '6a4386a5823d746eebe550e05bf85a56') in 0.010323 seconds
  Import took 0.020144 seconds .

========================================================================
Received Import Request.
  Time since last request: 11.620240 seconds.
  path: Assets/Scripts/PlanetGenerator.cs
  artifactKey: Guid(6e12a2aae9d09b54faabe084d7a0eda4) Importer(815301076,1909f56bfc062723c751e8b465ee728b)
Start importing Assets/Scripts/PlanetGenerator.cs using Guid(6e12a2aae9d09b54faabe084d7a0eda4) Importer(815301076,1909f56bfc062723c751e8b465ee728b)  -> (artifact id: '8475adf25dcb8c094ef78583721ca62e') in 0.008219 seconds
  Import took 0.011182 seconds .

========================================================================
Received Prepare
Registering precompiled user dll's ...
Registered in 0.002148 seconds.
Begin MonoManager ReloadAssembly
Native extension for WindowsStandalone target not found
Refreshing native plugins compatible for Editor in 0.24 ms, found 0 plugins.
Preloading 0 native plugins for Editor in 0.00 ms.
Invoked RoslynAnalysisRunner static constructor.
RoslynAnalysisRunner will not be running.
RoslynAnalysisRunner has terminated.
Mono: successfully reloaded assembly
- Completed reload, in  1.480 seconds
Platform modules already initialized, skipping
Refreshing native plugins compatible for Editor in 0.26 ms, found 0 plugins.
Preloading 0 native plugins for Editor in 0.00 ms.
Unloading 1078 Unused Serialized files (Serialized files now loaded: 0)
System memory in use before: 154.8 MB.
System memory in use after: 154.9 MB.

Unloading 4 unused Assets to reduce memory usage. Loaded Objects now: 1570.
Total: 1.963800 ms (FindLiveObjects: 0.181800 ms CreateObjectMapping: 0.046200 ms MarkObjects: 1.711300 ms  DeleteObjects: 0.022800 ms)

========================================================================
Received Prepare
Registering precompiled user dll's ...
Registered in 0.002042 seconds.
Begin MonoManager ReloadAssembly
Native extension for WindowsStandalone target not found
Refreshing native plugins compatible for Editor in 0.32 ms, found 0 plugins.
Preloading 0 native plugins for Editor in 0.00 ms.
Invoked RoslynAnalysisRunner static constructor.
RoslynAnalysisRunner will not be running.
RoslynAnalysisRunner has terminated.
Mono: successfully reloaded assembly
- Completed reload, in  1.163 seconds
Platform modules already initialized, skipping
Refreshing native plugins compatible for Editor in 0.25 ms, found 0 plugins.
Preloading 0 native plugins for Editor in 0.00 ms.
Unloading 1078 Unused Serialized files (Serialized files now loaded: 0)
System memory in use before: 154.9 MB.
System memory in use after: 155.0 MB.

Unloading 4 unused Assets to reduce memory usage. Loaded Objects now: 1572.
Total: 3.911700 ms (FindLiveObjects: 0.272000 ms CreateObjectMapping: 0.122800 ms MarkObjects: 3.426700 ms  DeleteObjects: 0.087300 ms)

========================================================================
Received Import Request.
  Time since last request: 10.709483 seconds.
  path: Assets/Scripts/PlanetGenerator.cs
  artifactKey: Guid(6e12a2aae9d09b54faabe084d7a0eda4) Importer(815301076,1909f56bfc062723c751e8b465ee728b)
Start importing Assets/Scripts/PlanetGenerator.cs using Guid(6e12a2aae9d09b54faabe084d7a0eda4) Importer(815301076,1909f56bfc062723c751e8b465ee728b)  -> (artifact id: '65aa87a6560b8e9247024e91818c3fb9') in 0.013312 seconds
  Import took 0.018772 seconds .

========================================================================
Received Prepare
Registering precompiled user dll's ...
Registered in 0.001974 seconds.
Begin MonoManager ReloadAssembly
Native extension for WindowsStandalone target not found
Refreshing native plugins compatible for Editor in 0.39 ms, found 0 plugins.
Preloading 0 native plugins for Editor in 0.00 ms.
Invoked RoslynAnalysisRunner static constructor.
RoslynAnalysisRunner will not be running.
RoslynAnalysisRunner has terminated.
Mono: successfully reloaded assembly
- Completed reload, in  1.220 seconds
Platform modules already initialized, skipping
Refreshing native plugins compatible for Editor in 0.41 ms, found 0 plugins.
Preloading 0 native plugins for Editor in 0.00 ms.
Unloading 1078 Unused Serialized files (Serialized files now loaded: 0)
System memory in use before: 154.9 MB.
System memory in use after: 155.0 MB.

Unloading 4 unused Assets to reduce memory usage. Loaded Objects now: 1574.
Total: 2.002800 ms (FindLiveObjects: 0.155200 ms CreateObjectMapping: 0.061300 ms MarkObjects: 1.762200 ms  DeleteObjects: 0.022600 ms)

========================================================================
Received Prepare
Registering precompiled user dll's ...
Registered in 0.001270 seconds.
Begin MonoManager ReloadAssembly
Native extension for WindowsStandalone target not found
Refreshing native plugins compatible for Editor in 0.24 ms, found 0 plugins.
Preloading 0 native plugins for Editor in 0.00 ms.
Invoked RoslynAnalysisRunner static constructor.
RoslynAnalysisRunner will not be running.
RoslynAnalysisRunner has terminated.
Mono: successfully reloaded assembly
- Completed reload, in  1.169 seconds
Platform modules already initialized, skipping
Refreshing native plugins compatible for Editor in 0.57 ms, found 0 plugins.
Preloading 0 native plugins for Editor in 0.00 ms.
Unloading 1078 Unused Serialized files (Serialized files now loaded: 0)
System memory in use before: 154.9 MB.
System memory in use after: 155.0 MB.

Unloading 4 unused Assets to reduce memory usage. Loaded Objects now: 1576.
Total: 2.386900 ms (FindLiveObjects: 0.143400 ms CreateObjectMapping: 0.094400 ms MarkObjects: 2.115000 ms  DeleteObjects: 0.032500 ms)

========================================================================
Received Prepare
Registering precompiled user dll's ...
Registered in 0.001701 seconds.
Begin MonoManager ReloadAssembly
Native extension for WindowsStandalone target not found
Refreshing native plugins compatible for Editor in 0.45 ms, found 0 plugins.
Preloading 0 native plugins for Editor in 0.00 ms.
Invoked RoslynAnalysisRunner static constructor.
RoslynAnalysisRunner will not be running.
RoslynAnalysisRunner has terminated.
Mono: successfully reloaded assembly
- Completed reload, in  1.144 seconds
Platform modules already initialized, skipping
Refreshing native plugins compatible for Editor in 0.22 ms, found 0 plugins.
Preloading 0 native plugins for Editor in 0.00 ms.
Unloading 1078 Unused Serialized files (Serialized files now loaded: 0)
System memory in use before: 154.9 MB.
System memory in use after: 155.0 MB.

Unloading 4 unused Assets to reduce memory usage. Loaded Objects now: 1578.
Total: 1.895700 ms (FindLiveObjects: 0.173800 ms CreateObjectMapping: 0.037600 ms MarkObjects: 1.664400 ms  DeleteObjects: 0.018900 ms)

========================================================================
Received Prepare
Registering precompiled user dll's ...
Registered in 0.001284 seconds.
Begin MonoManager ReloadAssembly
Native extension for WindowsStandalone target not found
Refreshing native plugins compatible for Editor in 0.23 ms, found 0 plugins.
Preloading 0 native plugins for Editor in 0.00 ms.
Invoked RoslynAnalysisRunner static constructor.
RoslynAnalysisRunner will not be running.
RoslynAnalysisRunner has terminated.
Mono: successfully reloaded assembly
- Completed reload, in  1.106 seconds
Platform modules already initialized, skipping
Refreshing native plugins compatible for Editor in 0.27 ms, found 0 plugins.
Preloading 0 native plugins for Editor in 0.00 ms.
Unloading 1078 Unused Serialized files (Serialized files now loaded: 0)
System memory in use before: 154.9 MB.
System memory in use after: 155.0 MB.

Unloading 4 unused Assets to reduce memory usage. Loaded Objects now: 1580.
Total: 2.481000 ms (FindLiveObjects: 0.227400 ms CreateObjectMapping: 0.038700 ms MarkObjects: 2.197600 ms  DeleteObjects: 0.016000 ms)

========================================================================
Received Prepare
Registering precompiled user dll's ...
Registered in 0.002348 seconds.
Begin MonoManager ReloadAssembly
Native extension for WindowsStandalone target not found
Refreshing native plugins compatible for Editor in 0.51 ms, found 0 plugins.
Preloading 0 native plugins for Editor in 0.00 ms.
Invoked RoslynAnalysisRunner static constructor.
RoslynAnalysisRunner will not be running.
RoslynAnalysisRunner has terminated.
Mono: successfully reloaded assembly
- Completed reload, in  3.404 seconds
Platform modules already initialized, skipping
Refreshing native plugins compatible for Editor in 0.74 ms, found 0 plugins.
Preloading 0 native plugins for Editor in 0.00 ms.
Unloading 1078 Unused Serialized files (Serialized files now loaded: 0)
System memory in use before: 154.9 MB.
System memory in use after: 155.0 MB.

Unloading 4 unused Assets to reduce memory usage. Loaded Objects now: 1582.
Total: 12.070900 ms (FindLiveObjects: 1.489100 ms CreateObjectMapping: 0.310500 ms MarkObjects: 10.243100 ms  DeleteObjects: 0.020900 ms)

========================================================================
Received Prepare
Registering precompiled user dll's ...
Registered in 0.001988 seconds.
Begin MonoManager ReloadAssembly
Native extension for WindowsStandalone target not found
Refreshing native plugins compatible for Editor in 0.34 ms, found 0 plugins.
Preloading 0 native plugins for Editor in 0.00 ms.
Invoked RoslynAnalysisRunner static constructor.
RoslynAnalysisRunner will not be running.
RoslynAnalysisRunner has terminated.
Mono: successfully reloaded assembly
- Completed reload, in  1.045 seconds
Platform modules already initialized, skipping
Refreshing native plugins compatible for Editor in 0.26 ms, found 0 plugins.
Preloading 0 native plugins for Editor in 0.00 ms.
Unloading 1078 Unused Serialized files (Serialized files now loaded: 0)
System memory in use before: 154.9 MB.
System memory in use after: 155.0 MB.

Unloading 4 unused Assets to reduce memory usage. Loaded Objects now: 1584.
Total: 2.110700 ms (FindLiveObjects: 0.288000 ms CreateObjectMapping: 0.040300 ms MarkObjects: 1.761200 ms  DeleteObjects: 0.019900 ms)

========================================================================
Received Prepare
Registering precompiled user dll's ...
Registered in 0.001261 seconds.
Begin MonoManager ReloadAssembly
Native extension for WindowsStandalone target not found
Refreshing native plugins compatible for Editor in 0.22 ms, found 0 plugins.
Preloading 0 native plugins for Editor in 0.00 ms.
Invoked RoslynAnalysisRunner static constructor.
RoslynAnalysisRunner will not be running.
RoslynAnalysisRunner has terminated.
Mono: successfully reloaded assembly
- Completed reload, in  1.069 seconds
Platform modules already initialized, skipping
Refreshing native plugins compatible for Editor in 0.26 ms, found 0 plugins.
Preloading 0 native plugins for Editor in 0.00 ms.
Unloading 1078 Unused Serialized files (Serialized files now loaded: 0)
System memory in use before: 154.9 MB.
System memory in use after: 155.0 MB.

Unloading 4 unused Assets to reduce memory usage. Loaded Objects now: 1586.
Total: 2.665700 ms (FindLiveObjects: 0.167200 ms CreateObjectMapping: 0.063400 ms MarkObjects: 2.416100 ms  DeleteObjects: 0.017100 ms)

========================================================================
Received Prepare
Registering precompiled user dll's ...
Registered in 0.001765 seconds.
Begin MonoManager ReloadAssembly
Native extension for WindowsStandalone target not found
Refreshing native plugins compatible for Editor in 0.76 ms, found 0 plugins.
Preloading 0 native plugins for Editor in 0.00 ms.
Invoked RoslynAnalysisRunner static constructor.
RoslynAnalysisRunner will not be running.
RoslynAnalysisRunner has terminated.
Mono: successfully reloaded assembly
- Completed reload, in 47.934 seconds
Platform modules already initialized, skipping
Refreshing native plugins compatible for Editor in 0.32 ms, found 0 plugins.
Preloading 0 native plugins for Editor in 0.00 ms.
Unloading 1078 Unused Serialized files (Serialized files now loaded: 0)
System memory in use before: 154.9 MB.
System memory in use after: 155.0 MB.

Unloading 4 unused Assets to reduce memory usage. Loaded Objects now: 1588.
Total: 1.865200 ms (FindLiveObjects: 0.260200 ms CreateObjectMapping: 0.053600 ms MarkObjects: 1.529800 ms  DeleteObjects: 0.020100 ms)

========================================================================
Received Prepare
Registering precompiled user dll's ...
Registered in 0.001638 seconds.
Begin MonoManager ReloadAssembly
Native extension for WindowsStandalone target not found
Refreshing native plugins compatible for Editor in 0.27 ms, found 0 plugins.
Preloading 0 native plugins for Editor in 0.00 ms.
Invoked RoslynAnalysisRunner static constructor.
RoslynAnalysisRunner will not be running.
RoslynAnalysisRunner has terminated.
Mono: successfully reloaded assembly
- Completed reload, in  1.293 seconds
Platform modules already initialized, skipping
Refreshing native plugins compatible for Editor in 0.26 ms, found 0 plugins.
Preloading 0 native plugins for Editor in 0.00 ms.
Unloading 1078 Unused Serialized files (Serialized files now loaded: 0)
System memory in use before: 154.9 MB.
System memory in use after: 155.0 MB.

Unloading 4 unused Assets to reduce memory usage. Loaded Objects now: 1590.
Total: 2.237900 ms (FindLiveObjects: 0.233500 ms CreateObjectMapping: 0.067700 ms MarkObjects: 1.917800 ms  DeleteObjects: 0.017400 ms)

========================================================================
Received Prepare
Registering precompiled user dll's ...
Registered in 0.001778 seconds.
Begin MonoManager ReloadAssembly
Native extension for WindowsStandalone target not found
Refreshing native plugins compatible for Editor in 0.23 ms, found 0 plugins.
Preloading 0 native plugins for Editor in 0.00 ms.
Invoked RoslynAnalysisRunner static constructor.
RoslynAnalysisRunner will not be running.
RoslynAnalysisRunner has terminated.
Mono: successfully reloaded assembly
- Completed reload, in  1.157 seconds
Platform modules already initialized, skipping
Refreshing native plugins compatible for Editor in 0.26 ms, found 0 plugins.
Preloading 0 native plugins for Editor in 0.00 ms.
Unloading 1078 Unused Serialized files (Serialized files now loaded: 0)
System memory in use before: 154.9 MB.
System memory in use after: 155.0 MB.

Unloading 4 unused Assets to reduce memory usage. Loaded Objects now: 1592.
Total: 2.093500 ms (FindLiveObjects: 0.281200 ms CreateObjectMapping: 0.071700 ms MarkObjects: 1.717400 ms  DeleteObjects: 0.021900 ms)

========================================================================
Received Prepare
Registering precompiled user dll's ...
Registered in 0.007100 seconds.
Begin MonoManager ReloadAssembly
Native extension for WindowsStandalone target not found
Refreshing native plugins compatible for Editor in 0.31 ms, found 0 plugins.
Preloading 0 native plugins for Editor in 0.00 ms.
Invoked RoslynAnalysisRunner static constructor.
RoslynAnalysisRunner will not be running.
RoslynAnalysisRunner has terminated.
Mono: successfully reloaded assembly
- Completed reload, in  3.333 seconds
Platform modules already initialized, skipping
Refreshing native plugins compatible for Editor in 1.99 ms, found 0 plugins.
Preloading 0 native plugins for Editor in 0.00 ms.
Unloading 1078 Unused Serialized files (Serialized files now loaded: 0)
System memory in use before: 154.9 MB.
System memory in use after: 155.0 MB.

Unloading 4 unused Assets to reduce memory usage. Loaded Objects now: 1594.
Total: 8.898100 ms (FindLiveObjects: 2.385600 ms CreateObjectMapping: 0.123200 ms MarkObjects: 6.342500 ms  DeleteObjects: 0.043300 ms)

========================================================================
Received Prepare
Registering precompiled user dll's ...
Registered in 0.001308 seconds.
Begin MonoManager ReloadAssembly
Native extension for WindowsStandalone target not found
Refreshing native plugins compatible for Editor in 0.26 ms, found 0 plugins.
Preloading 0 native plugins for Editor in 0.00 ms.
Invoked RoslynAnalysisRunner static constructor.
RoslynAnalysisRunner will not be running.
RoslynAnalysisRunner has terminated.
Mono: successfully reloaded assembly
- Completed reload, in  1.209 seconds
Platform modules already initialized, skipping
Refreshing native plugins compatible for Editor in 0.30 ms, found 0 plugins.
Preloading 0 native plugins for Editor in 0.00 ms.
Unloading 1078 Unused Serialized files (Serialized files now loaded: 0)
System memory in use before: 154.9 MB.
System memory in use after: 155.0 MB.

Unloading 4 unused Assets to reduce memory usage. Loaded Objects now: 1596.
Total: 2.677100 ms (FindLiveObjects: 0.175900 ms CreateObjectMapping: 0.040300 ms MarkObjects: 2.436400 ms  DeleteObjects: 0.022800 ms)

========================================================================
Received Prepare
Registering precompiled user dll's ...
Registered in 0.002007 seconds.
Begin MonoManager ReloadAssembly
Native extension for WindowsStandalone target not found
Refreshing native plugins compatible for Editor in 0.43 ms, found 0 plugins.
Preloading 0 native plugins for Editor in 0.00 ms.
Invoked RoslynAnalysisRunner static constructor.
RoslynAnalysisRunner will not be running.
RoslynAnalysisRunner has terminated.
Mono: successfully reloaded assembly
- Completed reload, in  1.410 seconds
Platform modules already initialized, skipping
Refreshing native plugins compatible for Editor in 0.22 ms, found 0 plugins.
Preloading 0 native plugins for Editor in 0.00 ms.
Unloading 1078 Unused Serialized files (Serialized files now loaded: 0)
System memory in use before: 155.0 MB.
System memory in use after: 155.1 MB.

Unloading 4 unused Assets to reduce memory usage. Loaded Objects now: 1598.
Total: 1.907500 ms (FindLiveObjects: 0.157600 ms CreateObjectMapping: 0.046400 ms MarkObjects: 1.685700 ms  DeleteObjects: 0.016400 ms)

========================================================================
Received Prepare
Registering precompiled user dll's ...
Registered in 0.001640 seconds.
Begin MonoManager ReloadAssembly
Native extension for WindowsStandalone target not found
Refreshing native plugins compatible for Editor in 0.49 ms, found 0 plugins.
Preloading 0 native plugins for Editor in 0.00 ms.
Invoked RoslynAnalysisRunner static constructor.
RoslynAnalysisRunner will not be running.
RoslynAnalysisRunner has terminated.
Mono: successfully reloaded assembly
- Completed reload, in  2.815 seconds
Platform modules already initialized, skipping
Refreshing native plugins compatible for Editor in 0.36 ms, found 0 plugins.
Preloading 0 native plugins for Editor in 0.00 ms.
Unloading 1078 Unused Serialized files (Serialized files now loaded: 0)
System memory in use before: 155.0 MB.
System memory in use after: 155.1 MB.

Unloading 4 unused Assets to reduce memory usage. Loaded Objects now: 1600.
Total: 4.630500 ms (FindLiveObjects: 0.432800 ms CreateObjectMapping: 0.072600 ms MarkObjects: 4.096300 ms  DeleteObjects: 0.027200 ms)

========================================================================
Received Prepare
Registering precompiled user dll's ...
Registered in 0.001406 seconds.
Begin MonoManager ReloadAssembly
Native extension for WindowsStandalone target not found
Refreshing native plugins compatible for Editor in 0.37 ms, found 0 plugins.
Preloading 0 native plugins for Editor in 0.00 ms.
Invoked RoslynAnalysisRunner static constructor.
RoslynAnalysisRunner will not be running.
RoslynAnalysisRunner has terminated.
Mono: successfully reloaded assembly
- Completed reload, in  1.341 seconds
Platform modules already initialized, skipping
Refreshing native plugins compatible for Editor in 0.44 ms, found 0 plugins.
Preloading 0 native plugins for Editor in 0.00 ms.
Unloading 1078 Unused Serialized files (Serialized files now loaded: 0)
System memory in use before: 155.0 MB.
System memory in use after: 155.1 MB.

Unloading 4 unused Assets to reduce memory usage. Loaded Objects now: 1602.
Total: 2.958400 ms (FindLiveObjects: 0.155900 ms CreateObjectMapping: 0.041800 ms MarkObjects: 2.731900 ms  DeleteObjects: 0.027000 ms)

========================================================================
Received Prepare
Registering precompiled user dll's ...
Registered in 0.001497 seconds.
Begin MonoManager ReloadAssembly
Native extension for WindowsStandalone target not found
Refreshing native plugins compatible for Editor in 0.25 ms, found 0 plugins.
Preloading 0 native plugins for Editor in 0.00 ms.
Invoked RoslynAnalysisRunner static constructor.
RoslynAnalysisRunner will not be running.
RoslynAnalysisRunner has terminated.
Mono: successfully reloaded assembly
- Completed reload, in  1.476 seconds
Platform modules already initialized, skipping
Refreshing native plugins compatible for Editor in 0.29 ms, found 0 plugins.
Preloading 0 native plugins for Editor in 0.00 ms.
Unloading 1078 Unused Serialized files (Serialized files now loaded: 0)
System memory in use before: 155.0 MB.
System memory in use after: 155.1 MB.

Unloading 4 unused Assets to reduce memory usage. Loaded Objects now: 1604.
Total: 2.884200 ms (FindLiveObjects: 0.214500 ms CreateObjectMapping: 0.056800 ms MarkObjects: 2.586300 ms  DeleteObjects: 0.024700 ms)

========================================================================
Received Prepare
Registering precompiled user dll's ...
Registered in 0.001312 seconds.
Begin MonoManager ReloadAssembly
Native extension for WindowsStandalone target not found
Refreshing native plugins compatible for Editor in 0.27 ms, found 0 plugins.
Preloading 0 native plugins for Editor in 0.00 ms.
Invoked RoslynAnalysisRunner static constructor.
RoslynAnalysisRunner will not be running.
RoslynAnalysisRunner has terminated.
Mono: successfully reloaded assembly
- Completed reload, in  1.404 seconds
Platform modules already initialized, skipping
Refreshing native plugins compatible for Editor in 0.29 ms, found 0 plugins.
Preloading 0 native plugins for Editor in 0.00 ms.
Unloading 1078 Unused Serialized files (Serialized files now loaded: 0)
System memory in use before: 155.0 MB.
System memory in use after: 155.1 MB.

Unloading 4 unused Assets to reduce memory usage. Loaded Objects now: 1606.
Total: 2.099300 ms (FindLiveObjects: 0.177400 ms CreateObjectMapping: 0.041400 ms MarkObjects: 1.855400 ms  DeleteObjects: 0.023200 ms)

========================================================================
Received Prepare
Registering precompiled user dll's ...
Registered in 0.002398 seconds.
Begin MonoManager ReloadAssembly
Native extension for WindowsStandalone target not found
Refreshing native plugins compatible for Editor in 1.87 ms, found 0 plugins.
Preloading 0 native plugins for Editor in 0.00 ms.
Invoked RoslynAnalysisRunner static constructor.
RoslynAnalysisRunner will not be running.
RoslynAnalysisRunner has terminated.
Mono: successfully reloaded assembly
- Completed reload, in  4.691 seconds
Platform modules already initialized, skipping
Refreshing native plugins compatible for Editor in 1.06 ms, found 0 plugins.
Preloading 0 native plugins for Editor in 0.00 ms.
Unloading 1078 Unused Serialized files (Serialized files now loaded: 0)
System memory in use before: 155.0 MB.
System memory in use after: 155.1 MB.

Unloading 4 unused Assets to reduce memory usage. Loaded Objects now: 1608.
Total: 4.088800 ms (FindLiveObjects: 0.348200 ms CreateObjectMapping: 0.118200 ms MarkObjects: 3.586900 ms  DeleteObjects: 0.031500 ms)

========================================================================
Received Prepare
Registering precompiled user dll's ...
Registered in 0.002183 seconds.
Begin MonoManager ReloadAssembly
Native extension for WindowsStandalone target not found
Refreshing native plugins compatible for Editor in 0.39 ms, found 0 plugins.
Preloading 0 native plugins for Editor in 0.00 ms.
Invoked RoslynAnalysisRunner static constructor.
RoslynAnalysisRunner will not be running.
RoslynAnalysisRunner has terminated.
Mono: successfully reloaded assembly
- Completed reload, in  1.211 seconds
Platform modules already initialized, skipping
Refreshing native plugins compatible for Editor in 0.22 ms, found 0 plugins.
Preloading 0 native plugins for Editor in 0.00 ms.
Unloading 1078 Unused Serialized files (Serialized files now loaded: 0)
System memory in use before: 155.0 MB.
System memory in use after: 155.1 MB.

Unloading 4 unused Assets to reduce memory usage. Loaded Objects now: 1610.
Total: 2.877300 ms (FindLiveObjects: 0.328200 ms CreateObjectMapping: 0.121200 ms MarkObjects: 2.406800 ms  DeleteObjects: 0.019600 ms)

========================================================================
Received Prepare
Registering precompiled user dll's ...
Registered in 0.001525 seconds.
Begin MonoManager ReloadAssembly
Native extension for WindowsStandalone target not found
Refreshing native plugins compatible for Editor in 0.38 ms, found 0 plugins.
Preloading 0 native plugins for Editor in 0.00 ms.
Invoked RoslynAnalysisRunner static constructor.
RoslynAnalysisRunner will not be running.
RoslynAnalysisRunner has terminated.
Mono: successfully reloaded assembly
- Completed reload, in  1.242 seconds
Platform modules already initialized, skipping
Refreshing native plugins compatible for Editor in 0.28 ms, found 0 plugins.
Preloading 0 native plugins for Editor in 0.00 ms.
Unloading 1078 Unused Serialized files (Serialized files now loaded: 0)
System memory in use before: 155.0 MB.
System memory in use after: 155.1 MB.

Unloading 4 unused Assets to reduce memory usage. Loaded Objects now: 1612.
Total: 2.915700 ms (FindLiveObjects: 0.216100 ms CreateObjectMapping: 0.069300 ms MarkObjects: 2.601400 ms  DeleteObjects: 0.026000 ms)

========================================================================
Received Prepare
Registering precompiled user dll's ...
Registered in 0.001429 seconds.
Begin MonoManager ReloadAssembly
Native extension for WindowsStandalone target not found
Refreshing native plugins compatible for Editor in 0.27 ms, found 0 plugins.
Preloading 0 native plugins for Editor in 0.00 ms.
Invoked RoslynAnalysisRunner static constructor.
RoslynAnalysisRunner will not be running.
RoslynAnalysisRunner has terminated.
Mono: successfully reloaded assembly
- Completed reload, in  1.150 seconds
Platform modules already initialized, skipping
Refreshing native plugins compatible for Editor in 0.23 ms, found 0 plugins.
Preloading 0 native plugins for Editor in 0.00 ms.
Unloading 1078 Unused Serialized files (Serialized files now loaded: 0)
System memory in use before: 155.0 MB.
System memory in use after: 155.1 MB.

Unloading 4 unused Assets to reduce memory usage. Loaded Objects now: 1614.
Total: 2.222300 ms (FindLiveObjects: 0.237100 ms CreateObjectMapping: 0.095200 ms MarkObjects: 1.853000 ms  DeleteObjects: 0.031400 ms)

========================================================================
Received Prepare
Registering precompiled user dll's ...
Registered in 0.002616 seconds.
Begin MonoManager ReloadAssembly
Native extension for WindowsStandalone target not found
Refreshing native plugins compatible for Editor in 0.66 ms, found 0 plugins.
Preloading 0 native plugins for Editor in 0.00 ms.
Invoked RoslynAnalysisRunner static constructor.
RoslynAnalysisRunner will not be running.
RoslynAnalysisRunner has terminated.
Mono: successfully reloaded assembly
- Completed reload, in  2.970 seconds
Platform modules already initialized, skipping
Refreshing native plugins compatible for Editor in 0.50 ms, found 0 plugins.
Preloading 0 native plugins for Editor in 0.00 ms.
Unloading 1078 Unused Serialized files (Serialized files now loaded: 0)
System memory in use before: 155.0 MB.
System memory in use after: 155.1 MB.

Unloading 4 unused Assets to reduce memory usage. Loaded Objects now: 1616.
Total: 6.035700 ms (FindLiveObjects: 1.639400 ms CreateObjectMapping: 0.278800 ms MarkObjects: 4.067300 ms  DeleteObjects: 0.043400 ms)

========================================================================
Received Prepare
Registering precompiled user dll's ...
Registered in 0.003054 seconds.
Begin MonoManager ReloadAssembly
Native extension for WindowsStandalone target not found
Refreshing native plugins compatible for Editor in 0.30 ms, found 0 plugins.
Preloading 0 native plugins for Editor in 0.00 ms.
Invoked RoslynAnalysisRunner static constructor.
RoslynAnalysisRunner will not be running.
RoslynAnalysisRunner has terminated.
Mono: successfully reloaded assembly
- Completed reload, in  1.345 seconds
Platform modules already initialized, skipping
Refreshing native plugins compatible for Editor in 0.28 ms, found 0 plugins.
Preloading 0 native plugins for Editor in 0.00 ms.
Unloading 1078 Unused Serialized files (Serialized files now loaded: 0)
System memory in use before: 155.0 MB.
System memory in use after: 155.1 MB.

Unloading 4 unused Assets to reduce memory usage. Loaded Objects now: 1618.
Total: 2.019000 ms (FindLiveObjects: 0.227700 ms CreateObjectMapping: 0.061300 ms MarkObjects: 1.707100 ms  DeleteObjects: 0.021400 ms)

